<?xml version="1.0" encoding="UTF-8"?>
<!-- Generated by org.testng.reporters.JUnitReportReporter -->
<testsuite hostname="QZ-LT-156" failures="0" tests="4" name="com.runners.RunCucumberTest" time="46.941" errors="0" timestamp="2025-01-02T13:13:05 IST" skipped="0">
  <testcase classname="com.runners.RunCucumberTest" name="runScenario" time="12.206"/>
  <testcase classname="com.runners.RunCucumberTest" name="runScenario" time="11.198"/>
  <testcase classname="com.runners.RunCucumberTest" name="runScenario" time="11.460"/>
  <testcase classname="com.runners.RunCucumberTest" name="runScenario" time="12.077"/>
</testsuite> <!-- com.runners.RunCucumberTest -->
